生成启动时间为 2014/4/24 16:42:42。
     1>项目“C:\丫头\文件\毕设\ICTCLAS2014\ICTCLAS2014\ICTCLAS2014.vcxproj”在节点 2 上(build 个目标)。
     1>InitializeBuildStatus:
         正在创建“Debug\ICTCLAS2014.unsuccessfulbuild”，因为已指定“AlwaysCreate”。
       ClCompile:
         c:\Program Files\Microsoft Visual Studio 10.0\VC\bin\CL.exe /c /ZI /nologo /W3 /WX- /Od /Oy- /D _MBCS /Gm /EHsc /RTC1 /MDd /GS /fp:precise /Zc:wchar_t /Zc:forScope /Fo"Debug\\" /Fd"Debug\vc100.pdb" /Gd /TP /analyze- /errorReport:prompt "example-c\Example-C.cpp"
         Example-C.cpp
     1>c:\丫头\文件\毕设\ictclas2014\ictclas2014\example-c\example-c.cpp(63): warning C4996: 'fopen': This function or variable may be unsafe. Consider using fopen_s instead. To disable deprecation, use _CRT_SECURE_NO_WARNINGS. See online help for details.
                 c:\program files\microsoft visual studio 10.0\vc\include\stdio.h(234) : 参见“fopen”的声明
     1>c:\丫头\文件\毕设\ictclas2014\ictclas2014\example-c\example-c.cpp(66): warning C4996: 'strcpy': This function or variable may be unsafe. Consider using strcpy_s instead. To disable deprecation, use _CRT_SECURE_NO_WARNINGS. See online help for details.
                 c:\program files\microsoft visual studio 10.0\vc\include\string.h(105) : 参见“strcpy”的声明
     1>c:\丫头\文件\毕设\ictclas2014\ictclas2014\example-c\example-c.cpp(67): warning C4996: 'strcat': This function or variable may be unsafe. Consider using strcat_s instead. To disable deprecation, use _CRT_SECURE_NO_WARNINGS. See online help for details.
                 c:\program files\microsoft visual studio 10.0\vc\include\string.h(110) : 参见“strcat”的声明
       Link:
         c:\Program Files\Microsoft Visual Studio 10.0\VC\bin\link.exe /ERRORREPORT:PROMPT /OUT:"C:\丫头\文件\毕设\ICTCLAS2014\Debug\ICTCLAS2014.exe" /NOLOGO kernel32.lib user32.lib gdi32.lib winspool.lib comdlg32.lib advapi32.lib shell32.lib ole32.lib oleaut32.lib uuid.lib odbc32.lib odbccp32.lib /MANIFEST /ManifestFile:"Debug\ICTCLAS2014.exe.intermediate.manifest" /MANIFESTUAC:"level='asInvoker' uiAccess='false'" /DEBUG /PDB:"C:\丫头\文件\毕设\ICTCLAS2014\Debug\ICTCLAS2014.pdb" /TLBID:1 /DYNAMICBASE /NXCOMPAT /IMPLIB:"C:\丫头\文件\毕设\ICTCLAS2014\Debug\ICTCLAS2014.lib" /MACHINE:X86 "Debug\Example-C.obj"
         ..\lib\NLPIR.lib
         LINK : 没有找到 C:\丫头\文件\毕设\ICTCLAS2014\Debug\ICTCLAS2014.exe 或上一个增量链接没有生成它；正在执行完全链接
            正在创建库 C:\丫头\文件\毕设\ICTCLAS2014\Debug\ICTCLAS2014.lib 和对象 C:\丫头\文件\毕设\ICTCLAS2014\Debug\ICTCLAS2014.exp
         ICTCLAS2014.vcxproj -> C:\丫头\文件\毕设\ICTCLAS2014\Debug\ICTCLAS2014.exe
       Manifest:
         c:\Program Files\Microsoft SDKs\Windows\v7.0A\bin\mt.exe /nologo /verbose /outputresource:"C:\丫头\文件\毕设\ICTCLAS2014\Debug\ICTCLAS2014.exe;#1" /manifest Debug\ICTCLAS2014.exe.intermediate.manifest
       FinalizeBuildStatus:
         正在删除文件“Debug\ICTCLAS2014.unsuccessfulbuild”。
         正在对“Debug\ICTCLAS2014.lastbuildstate”执行 Touch 任务。
     1>已完成生成项目“C:\丫头\文件\毕设\ICTCLAS2014\ICTCLAS2014\ICTCLAS2014.vcxproj”(build 个目标)的操作。

生成成功。

已用时间 00:00:02.75
